<?xml version="1.0" encoding="UTF-8"?>
<!-- Generated by org.testng.reporters.JUnitReportReporter -->
<testsuite skipped="0" hostname="wahed-pc" name="Runner.TestRunner" tests="1" failures="0" timestamp="27 Apr 2017 15:39:08 GMT" time="3.573" errors="0">
  <testcase name="feature" time="3.573" classname="Runner.TestRunner"/>
</testsuite> <!-- Runner.TestRunner -->
